<?xml version="1.0" encoding="UTF-8"?>
<testng-results skipped="0" failed="0" total="1" passed="1">
  <reporter-output>
    <line>
      <![CDATA[validate_CareerPage is passed ]]>
    </line>
  </reporter-output>
  <suite name="Default suite" duration-ms="34015" started-at="2020-06-21T07:25:58Z" finished-at="2020-06-21T07:26:32Z">
    <groups>
    </groups>
    <test name="Default test" duration-ms="34015" started-at="2020-06-21T07:25:58Z" finished-at="2020-06-21T07:26:32Z">
      <class name="Script.TC08_ValidateDiscoverDollarCareer_page">
        <test-method status="PASS" signature="OpenApp()[pri:0, instance:Script.TC08_ValidateDiscoverDollarCareer_page@1b0375b3]" name="OpenApp" is-config="true" duration-ms="28585" started-at="2020-06-21T12:55:58Z" finished-at="2020-06-21T12:56:27Z">
          <reporter-output>
          </reporter-output>
        </test-method> <!-- OpenApp -->
        <test-method status="PASS" signature="validate_CareerPage()[pri:0, instance:Script.TC08_ValidateDiscoverDollarCareer_page@1b0375b3]" name="validate_CareerPage" duration-ms="4968" started-at="2020-06-21T12:56:27Z" finished-at="2020-06-21T12:56:32Z">
          <reporter-output>
          </reporter-output>
        </test-method> <!-- validate_CareerPage -->
        <test-method status="PASS" signature="CloseApp(org.testng.ITestResult)[pri:0, instance:Script.TC08_ValidateDiscoverDollarCareer_page@1b0375b3]" name="CloseApp" is-config="true" duration-ms="440" started-at="2020-06-21T12:56:32Z" finished-at="2020-06-21T12:56:32Z">
          <params>
            <param index="0">
              <value>
                <![CDATA[[TestResult name=validate_CareerPage status=SUCCESS method=TC08_ValidateDiscoverDollarCareer_page.validate_CareerPage()[pri:0, instance:Script.TC08_ValidateDiscoverDollarCareer_page@1b0375b3] output={null}]]]>
              </value>
            </param>
          </params>
          <reporter-output>
            <line>
              <![CDATA[validate_CareerPage is passed ]]>
            </line>
          </reporter-output>
        </test-method> <!-- CloseApp -->
      </class> <!-- Script.TC08_ValidateDiscoverDollarCareer_page -->
    </test> <!-- Default test -->
  </suite> <!-- Default suite -->
</testng-results>
