<?xml version="1.0" encoding="UTF-8"?>
<testng-results skipped="0" failed="0" ignored="0" total="1" passed="1">
  <reporter-output>
    <line>
      <![CDATA[abcd 1234.0]]>
    </line>
    <line>
      <![CDATA[testvalidlogin is passed ]]>
    </line>
  </reporter-output>
  <suite name="Default suite" duration-ms="9206" started-at="2020-05-20T01:13:43Z" finished-at="2020-05-20T01:13:52Z">
    <groups>
    </groups>
    <test name="Default test" duration-ms="9206" started-at="2020-05-20T01:13:43Z" finished-at="2020-05-20T01:13:52Z">
      <class name="Script.Validlogin">
        <test-method status="PASS" signature="OpenApp()[pri:0, instance:Script.Validlogin@4883b407]" name="OpenApp" is-config="true" duration-ms="5070" started-at="2020-05-20T01:13:43Z" finished-at="2020-05-20T01:13:48Z">
          <reporter-output>
          </reporter-output>
        </test-method> <!-- OpenApp -->
        <test-method status="PASS" signature="testvalidlogin()[pri:0, instance:Script.Validlogin@4883b407]" name="testvalidlogin" duration-ms="3868" started-at="2020-05-20T01:13:48Z" finished-at="2020-05-20T01:13:52Z">
          <reporter-output>
            <line>
              <![CDATA[abcd 1234.0]]>
            </line>
          </reporter-output>
        </test-method> <!-- testvalidlogin -->
        <test-method status="PASS" signature="CloseApp(org.testng.ITestResult)[pri:0, instance:Script.Validlogin@4883b407]" name="CloseApp" is-config="true" duration-ms="245" started-at="2020-05-20T01:13:52Z" finished-at="2020-05-20T01:13:52Z">
          <params>
            <param index="0">
              <value>
                <![CDATA[[TestResult name=testvalidlogin status=SUCCESS method=Validlogin.testvalidlogin()[pri:0, instance:Script.Validlogin@4883b407] output=abcd 1234.0]]]>
              </value>
            </param>
          </params>
          <reporter-output>
            <line>
              <![CDATA[testvalidlogin is passed ]]>
            </line>
          </reporter-output>
        </test-method> <!-- CloseApp -->
      </class> <!-- Script.Validlogin -->
    </test> <!-- Default test -->
  </suite> <!-- Default suite -->
</testng-results>
